<?xml version="1.0" encoding="UTF-8"?>
<testng-results ignored="0" total="3" passed="2" failed="1" skipped="0">
  <reporter-output>
  </reporter-output>
  <suite started-at="2023-10-13T17:44:33 EDT" name="Default suite" finished-at="2023-10-13T17:44:45 EDT" duration-ms="12053">
    <groups>
      <group name="regression">
        <method signature="LoginTest.validLoginTest()[pri:1, instance:com.facebook.loginTests.LoginTest@689604d9]" name="validLoginTest" class="com.facebook.loginTests.LoginTest"/>
        <method signature="LoginTest.invalidLoginTest()[pri:2, instance:com.facebook.loginTests.LoginTest@689604d9]" name="invalidLoginTest" class="com.facebook.loginTests.LoginTest"/>
        <method signature="LoginTest.boundaryLoginTest()[pri:3, instance:com.facebook.loginTests.LoginTest@689604d9]" name="boundaryLoginTest" class="com.facebook.loginTests.LoginTest"/>
      </group> <!-- regression -->
      <group name="smoke">
        <method signature="LoginTest.validLoginTest()[pri:1, instance:com.facebook.loginTests.LoginTest@689604d9]" name="validLoginTest" class="com.facebook.loginTests.LoginTest"/>
      </group> <!-- smoke -->
    </groups>
    <test started-at="2023-10-13T17:44:33 EDT" name="Default test" finished-at="2023-10-13T17:44:45 EDT" duration-ms="12053">
      <class name="com.facebook.loginTests.LoginTest">
        <test-method is-config="true" signature="openApplication()[pri:0, instance:com.facebook.loginTests.LoginTest@689604d9]" started-at="2023-10-13T17:44:33 EDT" name="openApplication" finished-at="2023-10-13T17:44:35 EDT" duration-ms="2172" status="PASS">
          <reporter-output>
          </reporter-output>
        </test-method> <!-- openApplication -->
        <test-method signature="validLoginTest()[pri:1, instance:com.facebook.loginTests.LoginTest@689604d9]" started-at="2023-10-13T17:44:35 EDT" name="validLoginTest" finished-at="2023-10-13T17:44:36 EDT" duration-ms="221" status="PASS">
          <reporter-output>
          </reporter-output>
        </test-method> <!-- validLoginTest -->
        <test-method is-config="true" signature="closeApplication()[pri:0, instance:com.facebook.loginTests.LoginTest@689604d9]" started-at="2023-10-13T17:44:36 EDT" name="closeApplication" finished-at="2023-10-13T17:44:36 EDT" duration-ms="122" status="PASS">
          <reporter-output>
          </reporter-output>
        </test-method> <!-- closeApplication -->
        <test-method is-config="true" signature="openApplication()[pri:0, instance:com.facebook.loginTests.LoginTest@689604d9]" started-at="2023-10-13T17:44:36 EDT" name="openApplication" finished-at="2023-10-13T17:44:37 EDT" duration-ms="1402" status="PASS">
          <reporter-output>
          </reporter-output>
        </test-method> <!-- openApplication -->
        <test-method signature="invalidLoginTest()[pri:2, instance:com.facebook.loginTests.LoginTest@689604d9]" started-at="2023-10-13T17:44:37 EDT" name="invalidLoginTest" finished-at="2023-10-13T17:44:37 EDT" duration-ms="210" status="PASS">
          <reporter-output>
          </reporter-output>
        </test-method> <!-- invalidLoginTest -->
        <test-method is-config="true" signature="closeApplication()[pri:0, instance:com.facebook.loginTests.LoginTest@689604d9]" started-at="2023-10-13T17:44:37 EDT" name="closeApplication" finished-at="2023-10-13T17:44:38 EDT" duration-ms="122" status="PASS">
          <reporter-output>
          </reporter-output>
        </test-method> <!-- closeApplication -->
        <test-method is-config="true" signature="openApplication()[pri:0, instance:com.facebook.loginTests.LoginTest@689604d9]" started-at="2023-10-13T17:44:38 EDT" name="openApplication" finished-at="2023-10-13T17:44:39 EDT" duration-ms="1324" status="PASS">
          <reporter-output>
          </reporter-output>
        </test-method> <!-- openApplication -->
        <test-method signature="boundaryLoginTest()[pri:3, instance:com.facebook.loginTests.LoginTest@689604d9]" started-at="2023-10-13T17:44:39 EDT" name="boundaryLoginTest" finished-at="2023-10-13T17:44:45 EDT" duration-ms="6284" status="FAIL">
          <exception class="java.lang.AssertionError">
            <message>
              <![CDATA[expected [Facebook - log in or sign up] but found [hello]]]>
            </message>
            <full-stacktrace>
              <![CDATA[java.lang.AssertionError: expected [Facebook - log in or sign up] but found [hello]
at org.testng.Assert.fail(Assert.java:110)
at org.testng.Assert.failNotEquals(Assert.java:1413)
at org.testng.Assert.assertEqualsImpl(Assert.java:149)
at org.testng.Assert.assertEquals(Assert.java:131)
at org.testng.Assert.assertEquals(Assert.java:655)
at org.testng.Assert.assertEquals(Assert.java:665)
at com.facebook.loginTests.LoginTest.boundaryLoginTest(LoginTest.java:40)
at java.base/jdk.internal.reflect.NativeMethodAccessorImpl.invoke0(Native Method)
at java.base/jdk.internal.reflect.NativeMethodAccessorImpl.invoke(NativeMethodAccessorImpl.java:77)
at java.base/jdk.internal.reflect.DelegatingMethodAccessorImpl.invoke(DelegatingMethodAccessorImpl.java:43)
at java.base/java.lang.reflect.Method.invoke(Method.java:568)
at org.testng.internal.invokers.MethodInvocationHelper.invokeMethod(MethodInvocationHelper.java:139)
at org.testng.internal.invokers.TestInvoker.invokeMethod(TestInvoker.java:677)
at org.testng.internal.invokers.TestInvoker.invokeTestMethod(TestInvoker.java:221)
at org.testng.internal.invokers.MethodRunner.runInSequence(MethodRunner.java:50)
at org.testng.internal.invokers.TestInvoker$MethodInvocationAgent.invoke(TestInvoker.java:969)
at org.testng.internal.invokers.TestInvoker.invokeTestMethods(TestInvoker.java:194)
at org.testng.internal.invokers.TestMethodWorker.invokeTestMethods(TestMethodWorker.java:148)
at org.testng.internal.invokers.TestMethodWorker.run(TestMethodWorker.java:128)
at java.base/java.util.ArrayList.forEach(ArrayList.java:1511)
at org.testng.TestRunner.privateRun(TestRunner.java:829)
at org.testng.TestRunner.run(TestRunner.java:602)
at org.testng.SuiteRunner.runTest(SuiteRunner.java:437)
at org.testng.SuiteRunner.runSequentially(SuiteRunner.java:431)
at org.testng.SuiteRunner.privateRun(SuiteRunner.java:391)
at org.testng.SuiteRunner.run(SuiteRunner.java:330)
at org.testng.SuiteRunnerWorker.runSuite(SuiteRunnerWorker.java:52)
at org.testng.SuiteRunnerWorker.run(SuiteRunnerWorker.java:95)
at org.testng.TestNG.runSuitesSequentially(TestNG.java:1256)
at org.testng.TestNG.runSuitesLocally(TestNG.java:1176)
at org.testng.TestNG.runSuites(TestNG.java:1099)
at org.testng.TestNG.run(TestNG.java:1067)
at org.testng.remote.AbstractRemoteTestNG.run(AbstractRemoteTestNG.java:115)
at org.testng.remote.RemoteTestNG.initAndRun(RemoteTestNG.java:251)
at org.testng.remote.RemoteTestNG.main(RemoteTestNG.java:77)
]]>
            </full-stacktrace>
          </exception> <!-- java.lang.AssertionError -->
          <reporter-output>
          </reporter-output>
        </test-method> <!-- boundaryLoginTest -->
        <test-method is-config="true" signature="closeApplication()[pri:0, instance:com.facebook.loginTests.LoginTest@689604d9]" started-at="2023-10-13T17:44:45 EDT" name="closeApplication" finished-at="2023-10-13T17:44:45 EDT" duration-ms="156" status="PASS">
          <reporter-output>
          </reporter-output>
        </test-method> <!-- closeApplication -->
      </class> <!-- com.facebook.loginTests.LoginTest -->
    </test> <!-- Default test -->
  </suite> <!-- Default suite -->
</testng-results>
